<?xml version="1.0" encoding="UTF-8"?>
<testsuite xmlns:xsi="http://www.w3.org/2001/XMLSchema-instance" xsi:noNamespaceSchemaLocation="https://maven.apache.org/surefire/maven-surefire-plugin/xsd/surefire-test-report-3.0.xsd" version="3.0" name="edu.brown.cs.student.server.handlers.FilterRLTDataHandlerTest" time="1.768" tests="7" errors="0" skipped="0" failures="0">
  <properties>
    <property name="java.specification.version" value="17"/>
    <property name="sun.cpu.isalist" value="amd64"/>
    <property name="sun.jnu.encoding" value="Cp1252"/>
    <property name="java.class.path" value="C:\Users\karen\undergrad\cs32\sprint-5-khu21-klee161\backend\target\test-classes;C:\Users\karen\undergrad\cs32\sprint-5-khu21-klee161\backend\target\classes;C:\Users\karen\.m2\repository\com\squareup\moshi\moshi\1.13.0\moshi-1.13.0.jar;C:\Users\karen\.m2\repository\com\squareup\okio\okio\2.10.0\okio-2.10.0.jar;C:\Users\karen\.m2\repository\org\jetbrains\kotlin\kotlin-stdlib\1.4.20\kotlin-stdlib-1.4.20.jar;C:\Users\karen\.m2\repository\org\jetbrains\annotations\13.0\annotations-13.0.jar;C:\Users\karen\.m2\repository\org\jetbrains\kotlin\kotlin-stdlib-common\1.4.20\kotlin-stdlib-common-1.4.20.jar;C:\Users\karen\.m2\repository\org\jetbrains\kotlin\kotlin-stdlib-jdk8\1.6.0\kotlin-stdlib-jdk8-1.6.0.jar;C:\Users\karen\.m2\repository\org\jetbrains\kotlin\kotlin-stdlib-jdk7\1.6.0\kotlin-stdlib-jdk7-1.6.0.jar;C:\Users\karen\.m2\repository\com\squareup\moshi\moshi-adapters\1.13.0\moshi-adapters-1.13.0.jar;C:\Users\karen\.m2\repository\com\sparkjava\spark-core\2.9.3\spark-core-2.9.3.jar;C:\Users\karen\.m2\repository\org\slf4j\slf4j-api\1.7.25\slf4j-api-1.7.25.jar;C:\Users\karen\.m2\repository\org\eclipse\jetty\jetty-server\9.4.31.v20200723\jetty-server-9.4.31.v20200723.jar;C:\Users\karen\.m2\repository\javax\servlet\javax.servlet-api\3.1.0\javax.servlet-api-3.1.0.jar;C:\Users\karen\.m2\repository\org\eclipse\jetty\jetty-http\9.4.31.v20200723\jetty-http-9.4.31.v20200723.jar;C:\Users\karen\.m2\repository\org\eclipse\jetty\jetty-util\9.4.31.v20200723\jetty-util-9.4.31.v20200723.jar;C:\Users\karen\.m2\repository\org\eclipse\jetty\jetty-io\9.4.31.v20200723\jetty-io-9.4.31.v20200723.jar;C:\Users\karen\.m2\repository\org\eclipse\jetty\jetty-webapp\9.4.31.v20200723\jetty-webapp-9.4.31.v20200723.jar;C:\Users\karen\.m2\repository\org\eclipse\jetty\jetty-xml\9.4.31.v20200723\jetty-xml-9.4.31.v20200723.jar;C:\Users\karen\.m2\repository\org\eclipse\jetty\jetty-servlet\9.4.31.v20200723\jetty-servlet-9.4.31.v20200723.jar;C:\Users\karen\.m2\repository\org\eclipse\jetty\jetty-security\9.4.31.v20200723\jetty-security-9.4.31.v20200723.jar;C:\Users\karen\.m2\repository\org\eclipse\jetty\websocket\websocket-server\9.4.31.v20200723\websocket-server-9.4.31.v20200723.jar;C:\Users\karen\.m2\repository\org\eclipse\jetty\websocket\websocket-common\9.4.31.v20200723\websocket-common-9.4.31.v20200723.jar;C:\Users\karen\.m2\repository\org\eclipse\jetty\websocket\websocket-client\9.4.31.v20200723\websocket-client-9.4.31.v20200723.jar;C:\Users\karen\.m2\repository\org\eclipse\jetty\jetty-client\9.4.31.v20200723\jetty-client-9.4.31.v20200723.jar;C:\Users\karen\.m2\repository\org\eclipse\jetty\websocket\websocket-servlet\9.4.31.v20200723\websocket-servlet-9.4.31.v20200723.jar;C:\Users\karen\.m2\repository\org\eclipse\jetty\websocket\websocket-api\9.4.31.v20200723\websocket-api-9.4.31.v20200723.jar;C:\Users\karen\.m2\repository\com\google\guava\guava\31.1-jre\guava-31.1-jre.jar;C:\Users\karen\.m2\repository\com\google\guava\failureaccess\1.0.1\failureaccess-1.0.1.jar;C:\Users\karen\.m2\repository\com\google\guava\listenablefuture\9999.0-empty-to-avoid-conflict-with-guava\listenablefuture-9999.0-empty-to-avoid-conflict-with-guava.jar;C:\Users\karen\.m2\repository\com\google\code\findbugs\jsr305\3.0.2\jsr305-3.0.2.jar;C:\Users\karen\.m2\repository\org\checkerframework\checker-qual\3.12.0\checker-qual-3.12.0.jar;C:\Users\karen\.m2\repository\com\google\errorprone\error_prone_annotations\2.11.0\error_prone_annotations-2.11.0.jar;C:\Users\karen\.m2\repository\com\google\j2objc\j2objc-annotations\1.3\j2objc-annotations-1.3.jar;C:\Users\karen\.m2\repository\org\testng\testng\7.7.1\testng-7.7.1.jar;C:\Users\karen\.m2\repository\com\beust\jcommander\1.82\jcommander-1.82.jar;C:\Users\karen\.m2\repository\org\webjars\jquery\3.6.1\jquery-3.6.1.jar;C:\Users\karen\.m2\repository\org\junit\jupiter\junit-jupiter-engine\5.4.0\junit-jupiter-engine-5.4.0.jar;C:\Users\karen\.m2\repository\org\apiguardian\apiguardian-api\1.0.0\apiguardian-api-1.0.0.jar;C:\Users\karen\.m2\repository\org\junit\platform\junit-platform-engine\1.4.0\junit-platform-engine-1.4.0.jar;C:\Users\karen\.m2\repository\org\opentest4j\opentest4j\1.1.1\opentest4j-1.1.1.jar;C:\Users\karen\.m2\repository\org\junit\platform\junit-platform-commons\1.4.0\junit-platform-commons-1.4.0.jar;C:\Users\karen\.m2\repository\org\junit\jupiter\junit-jupiter-api\5.4.0\junit-jupiter-api-5.4.0.jar;"/>
    <property name="java.vm.vendor" value="Oracle Corporation"/>
    <property name="sun.arch.data.model" value="64"/>
    <property name="user.variant" value=""/>
    <property name="java.vendor.url" value="https://java.oracle.com/"/>
    <property name="user.timezone" value="America/New_York"/>
    <property name="os.name" value="Windows 10"/>
    <property name="java.vm.specification.version" value="17"/>
    <property name="sun.java.launcher" value="SUN_STANDARD"/>
    <property name="user.country" value="US"/>
    <property name="sun.boot.library.path" value="C:\Program Files\Java\jdk-17\bin"/>
    <property name="sun.java.command" value="C:\Users\karen\AppData\Local\Temp\surefire1105508996509647658\surefirebooter-20230408185750440_3.jar C:\Users\karen\AppData\Local\Temp\surefire1105508996509647658 2023-04-08T18-57-49_736-jvmRun1 surefire-20230408185750440_1tmp surefire_0-20230408185750440_2tmp"/>
    <property name="jdk.debug" value="release"/>
    <property name="surefire.test.class.path" value="C:\Users\karen\undergrad\cs32\sprint-5-khu21-klee161\backend\target\test-classes;C:\Users\karen\undergrad\cs32\sprint-5-khu21-klee161\backend\target\classes;C:\Users\karen\.m2\repository\com\squareup\moshi\moshi\1.13.0\moshi-1.13.0.jar;C:\Users\karen\.m2\repository\com\squareup\okio\okio\2.10.0\okio-2.10.0.jar;C:\Users\karen\.m2\repository\org\jetbrains\kotlin\kotlin-stdlib\1.4.20\kotlin-stdlib-1.4.20.jar;C:\Users\karen\.m2\repository\org\jetbrains\annotations\13.0\annotations-13.0.jar;C:\Users\karen\.m2\repository\org\jetbrains\kotlin\kotlin-stdlib-common\1.4.20\kotlin-stdlib-common-1.4.20.jar;C:\Users\karen\.m2\repository\org\jetbrains\kotlin\kotlin-stdlib-jdk8\1.6.0\kotlin-stdlib-jdk8-1.6.0.jar;C:\Users\karen\.m2\repository\org\jetbrains\kotlin\kotlin-stdlib-jdk7\1.6.0\kotlin-stdlib-jdk7-1.6.0.jar;C:\Users\karen\.m2\repository\com\squareup\moshi\moshi-adapters\1.13.0\moshi-adapters-1.13.0.jar;C:\Users\karen\.m2\repository\com\sparkjava\spark-core\2.9.3\spark-core-2.9.3.jar;C:\Users\karen\.m2\repository\org\slf4j\slf4j-api\1.7.25\slf4j-api-1.7.25.jar;C:\Users\karen\.m2\repository\org\eclipse\jetty\jetty-server\9.4.31.v20200723\jetty-server-9.4.31.v20200723.jar;C:\Users\karen\.m2\repository\javax\servlet\javax.servlet-api\3.1.0\javax.servlet-api-3.1.0.jar;C:\Users\karen\.m2\repository\org\eclipse\jetty\jetty-http\9.4.31.v20200723\jetty-http-9.4.31.v20200723.jar;C:\Users\karen\.m2\repository\org\eclipse\jetty\jetty-util\9.4.31.v20200723\jetty-util-9.4.31.v20200723.jar;C:\Users\karen\.m2\repository\org\eclipse\jetty\jetty-io\9.4.31.v20200723\jetty-io-9.4.31.v20200723.jar;C:\Users\karen\.m2\repository\org\eclipse\jetty\jetty-webapp\9.4.31.v20200723\jetty-webapp-9.4.31.v20200723.jar;C:\Users\karen\.m2\repository\org\eclipse\jetty\jetty-xml\9.4.31.v20200723\jetty-xml-9.4.31.v20200723.jar;C:\Users\karen\.m2\repository\org\eclipse\jetty\jetty-servlet\9.4.31.v20200723\jetty-servlet-9.4.31.v20200723.jar;C:\Users\karen\.m2\repository\org\eclipse\jetty\jetty-security\9.4.31.v20200723\jetty-security-9.4.31.v20200723.jar;C:\Users\karen\.m2\repository\org\eclipse\jetty\websocket\websocket-server\9.4.31.v20200723\websocket-server-9.4.31.v20200723.jar;C:\Users\karen\.m2\repository\org\eclipse\jetty\websocket\websocket-common\9.4.31.v20200723\websocket-common-9.4.31.v20200723.jar;C:\Users\karen\.m2\repository\org\eclipse\jetty\websocket\websocket-client\9.4.31.v20200723\websocket-client-9.4.31.v20200723.jar;C:\Users\karen\.m2\repository\org\eclipse\jetty\jetty-client\9.4.31.v20200723\jetty-client-9.4.31.v20200723.jar;C:\Users\karen\.m2\repository\org\eclipse\jetty\websocket\websocket-servlet\9.4.31.v20200723\websocket-servlet-9.4.31.v20200723.jar;C:\Users\karen\.m2\repository\org\eclipse\jetty\websocket\websocket-api\9.4.31.v20200723\websocket-api-9.4.31.v20200723.jar;C:\Users\karen\.m2\repository\com\google\guava\guava\31.1-jre\guava-31.1-jre.jar;C:\Users\karen\.m2\repository\com\google\guava\failureaccess\1.0.1\failureaccess-1.0.1.jar;C:\Users\karen\.m2\repository\com\google\guava\listenablefuture\9999.0-empty-to-avoid-conflict-with-guava\listenablefuture-9999.0-empty-to-avoid-conflict-with-guava.jar;C:\Users\karen\.m2\repository\com\google\code\findbugs\jsr305\3.0.2\jsr305-3.0.2.jar;C:\Users\karen\.m2\repository\org\checkerframework\checker-qual\3.12.0\checker-qual-3.12.0.jar;C:\Users\karen\.m2\repository\com\google\errorprone\error_prone_annotations\2.11.0\error_prone_annotations-2.11.0.jar;C:\Users\karen\.m2\repository\com\google\j2objc\j2objc-annotations\1.3\j2objc-annotations-1.3.jar;C:\Users\karen\.m2\repository\org\testng\testng\7.7.1\testng-7.7.1.jar;C:\Users\karen\.m2\repository\com\beust\jcommander\1.82\jcommander-1.82.jar;C:\Users\karen\.m2\repository\org\webjars\jquery\3.6.1\jquery-3.6.1.jar;C:\Users\karen\.m2\repository\org\junit\jupiter\junit-jupiter-engine\5.4.0\junit-jupiter-engine-5.4.0.jar;C:\Users\karen\.m2\repository\org\apiguardian\apiguardian-api\1.0.0\apiguardian-api-1.0.0.jar;C:\Users\karen\.m2\repository\org\junit\platform\junit-platform-engine\1.4.0\junit-platform-engine-1.4.0.jar;C:\Users\karen\.m2\repository\org\opentest4j\opentest4j\1.1.1\opentest4j-1.1.1.jar;C:\Users\karen\.m2\repository\org\junit\platform\junit-platform-commons\1.4.0\junit-platform-commons-1.4.0.jar;C:\Users\karen\.m2\repository\org\junit\jupiter\junit-jupiter-api\5.4.0\junit-jupiter-api-5.4.0.jar;"/>
    <property name="sun.cpu.endian" value="little"/>
    <property name="user.home" value="C:\Users\karen"/>
    <property name="user.language" value="en"/>
    <property name="java.specification.vendor" value="Oracle Corporation"/>
    <property name="java.version.date" value="2023-01-17"/>
    <property name="java.home" value="C:\Program Files\Java\jdk-17"/>
    <property name="file.separator" value="\"/>
    <property name="basedir" value="C:\Users\karen\undergrad\cs32\sprint-5-khu21-klee161\backend"/>
    <property name="java.vm.compressedOopsMode" value="Zero based"/>
    <property name="line.separator" value="&#10;"/>
    <property name="java.vm.specification.vendor" value="Oracle Corporation"/>
    <property name="java.specification.name" value="Java Platform API Specification"/>
    <property name="surefire.real.class.path" value="C:\Users\karen\AppData\Local\Temp\surefire1105508996509647658\surefirebooter-20230408185750440_3.jar"/>
    <property name="user.script" value=""/>
    <property name="sun.management.compiler" value="HotSpot 64-Bit Tiered Compilers"/>
    <property name="java.runtime.version" value="17.0.6+9-LTS-190"/>
    <property name="user.name" value="karen"/>
    <property name="path.separator" value=";"/>
    <property name="os.version" value="10.0"/>
    <property name="java.runtime.name" value="Java(TM) SE Runtime Environment"/>
    <property name="file.encoding" value="Cp1252"/>
    <property name="java.vm.name" value="Java HotSpot(TM) 64-Bit Server VM"/>
    <property name="localRepository" value="C:\Users\karen\.m2\repository"/>
    <property name="java.vendor.url.bug" value="https://bugreport.java.com/bugreport/"/>
    <property name="jetty.git.hash" value="450ba27947e13e66baa8cd1ce7e85a4461cacc1d"/>
    <property name="java.io.tmpdir" value="C:\Users\karen\AppData\Local\Temp\"/>
    <property name="java.version" value="17.0.6"/>
    <property name="user.dir" value="C:\Users\karen\undergrad\cs32\sprint-5-khu21-klee161\backend"/>
    <property name="os.arch" value="amd64"/>
    <property name="java.vm.specification.name" value="Java Virtual Machine Specification"/>
    <property name="sun.os.patch.level" value=""/>
    <property name="native.encoding" value="Cp1252"/>
    <property name="java.library.path" value="C:\Program Files\Java\jdk-17\bin;C:\WINDOWS\Sun\Java\bin;C:\WINDOWS\system32;C:\WINDOWS;C:\Program Files\Common Files\Oracle\Java\javapath;C:\Python39\Scripts\;C:\Python39\;C:\WINDOWS\system32;C:\WINDOWS;C:\WINDOWS\System32\Wbem;C:\WINDOWS\System32\WindowsPowerShell\v1.0\;C:\WINDOWS\System32\OpenSSH\;C:\ProgramData\chocolatey\bin;C:\Program Files\Git\cmd;C:\Java\jdk-17\bin;C:\Users\karen\apache-maven-3.8.3\bin;C:\Program Files\nodejs\;C:\Users\karen\AppData\Local\Programs\Python\Python37\Scripts\;C:\Users\karen\AppData\Local\Programs\Python\Python37\;C:\Users\karen\AppData\Local\Microsoft\WindowsApps;C:\Users\karen\AppData\Local\Programs\Microsoft VS Code\bin;C:\Users\\AppData\Local\Programs\Python\Python37\Scripts\;C:\Users\\AppData\Local\Programs\Python\Python37\;C:\Users\karen\AppData\Local\Programs\MiKTeX\miktex\bin\x64\;C:\Users\karen\AppData\Local\GitHubDesktop\bin;C:\Program Files\Java\jdk-17;C:\Users\karen\apache-maven-3.8.7\bin;;C:\Program Files\JetBrains\IntelliJ IDEA 2022.3.2\bin;;C:\Users\karen\AppData\Roaming\npm;."/>
    <property name="java.vm.info" value="mixed mode, sharing"/>
    <property name="java.vendor" value="Oracle Corporation"/>
    <property name="java.vm.version" value="17.0.6+9-LTS-190"/>
    <property name="sun.io.unicode.encoding" value="UnicodeLittle"/>
    <property name="java.class.version" value="61.0"/>
  </properties>
  <testcase name="testLoadTwiceSame" classname="edu.brown.cs.student.server.handlers.FilterRLTDataHandlerTest" time="0.048">
    <system-out><![CDATA[mockGeoJSON.json
]]></system-out>
  </testcase>
  <testcase name="testLoadTwiceDifferent" classname="edu.brown.cs.student.server.handlers.FilterRLTDataHandlerTest" time="1.587">
    <system-out><![CDATA[fullDownload.json
]]></system-out>
  </testcase>
  <testcase name="testMissingParam" classname="edu.brown.cs.student.server.handlers.FilterRLTDataHandlerTest" time="0.043">
    <system-out><![CDATA[mockGeoJSON.json
]]></system-out>
  </testcase>
  <testcase name="testTooLittleOrTooManyParam" classname="edu.brown.cs.student.server.handlers.FilterRLTDataHandlerTest" time="0.027">
    <system-out><![CDATA[mockGeoJSON.json
]]></system-out>
  </testcase>
  <testcase name="testNotNumberParam" classname="edu.brown.cs.student.server.handlers.FilterRLTDataHandlerTest" time="0.019">
    <system-out><![CDATA[mockGeoJSON.json
]]></system-out>
  </testcase>
  <testcase name="testInValidLatLonParam" classname="edu.brown.cs.student.server.handlers.FilterRLTDataHandlerTest" time="0.02">
    <system-out><![CDATA[mockGeoJSON.json
]]></system-out>
  </testcase>
  <testcase name="testSuccess" classname="edu.brown.cs.student.server.handlers.FilterRLTDataHandlerTest" time="0.02">
    <system-out><![CDATA[mockGeoJSON.json
]]></system-out>
  </testcase>
</testsuite>